<?xml version="1.0" encoding="UTF-8"?>
<testng-results ignored="0" total="1" passed="1" failed="0" skipped="0">
  <reporter-output>
  </reporter-output>
  <suite started-at="2023-12-10T00:25:57 IST" name="Default suite" finished-at="2023-12-10T00:26:03 IST" duration-ms="6109">
    <groups>
    </groups>
    <test started-at="2023-12-10T00:25:57 IST" name="Default test" finished-at="2023-12-10T00:26:03 IST" duration-ms="6109">
      <class name="ApiTests">
        <test-method signature="RestAssured_APITest()[pri:1, instance:ApiTests@37afeb11]" started-at="2023-12-10T00:25:57 IST" name="RestAssured_APITest" finished-at="2023-12-10T00:26:03 IST" duration-ms="6065" status="PASS">
          <reporter-output>
          </reporter-output>
        </test-method> <!-- RestAssured_APITest -->
      </class> <!-- ApiTests -->
    </test> <!-- Default test -->
  </suite> <!-- Default suite -->
</testng-results>
